[INFO] Scanning for projects...
[INFO] 
[INFO] -------------------------< com.example:insta >--------------------------
[INFO] Building insta 0.0.1-SNAPSHOT
[INFO]   from pom.xml
[INFO] --------------------------------[ jar ]---------------------------------
[INFO] 
[INFO] --- clean:3.5.0:clean (default-clean) @ insta ---
[INFO] Deleting C:\Users\dipsh\Downloads\insta\insta\target
[INFO] 
[INFO] --- resources:3.3.1:resources (default-resources) @ insta ---
[INFO] Copying 1 resource from src\main\resources to target\classes
[INFO] Copying 2 resources from src\main\resources to target\classes
[INFO] 
[INFO] --- compiler:3.14.1:compile (default-compile) @ insta ---
[INFO] Recompiling the module because of changed source code.
[INFO] Compiling 7 source files with javac [debug parameters release 21] to target\classes
[INFO] -------------------------------------------------------------
[ERROR] COMPILATION ERROR : 
[INFO] -------------------------------------------------------------
[ERROR] /C:/Users/dipsh/Downloads/insta/insta/src/main/java/com/example/insta/service/VideoDownloaderService.java:[121,13] cannot find symbol
  symbol:   variable targetUrl
  location: class com.example.insta.service.VideoDownloaderService
[ERROR] /C:/Users/dipsh/Downloads/insta/insta/src/main/java/com/example/insta/service/VideoDownloaderService.java:[121,50] cannot find symbol
  symbol:   variable targetUrl
  location: class com.example.insta.service.VideoDownloaderService
[INFO] 2 errors 
[INFO] -------------------------------------------------------------
[INFO] ------------------------------------------------------------------------
[INFO] BUILD FAILURE
[INFO] ------------------------------------------------------------------------
[INFO] Total time:  3.657 s
[INFO] Finished at: 2026-02-17T02:54:19+05:45
[INFO] ------------------------------------------------------------------------
[ERROR] Failed to execute goal org.apache.maven.plugins:maven-compiler-plugin:3.14.1:compile (default-compile) on project insta: Compilation failure: Compilation failure: 
[ERROR] /C:/Users/dipsh/Downloads/insta/insta/src/main/java/com/example/insta/service/VideoDownloaderService.java:[121,13] cannot find symbol
[ERROR]   symbol:   variable targetUrl
[ERROR]   location: class com.example.insta.service.VideoDownloaderService
[ERROR] /C:/Users/dipsh/Downloads/insta/insta/src/main/java/com/example/insta/service/VideoDownloaderService.java:[121,50] cannot find symbol
[ERROR]   symbol:   variable targetUrl
[ERROR]   location: class com.example.insta.service.VideoDownloaderService
[ERROR] -> [Help 1]
[ERROR] 
[ERROR] To see the full stack trace of the errors, re-run Maven with the -e switch.
[ERROR] Re-run Maven using the -X switch to enable full debug logging.
[ERROR] 
[ERROR] For more information about the errors and possible solutions, please read the following articles:
[ERROR] [Help 1] http://cwiki.apache.org/confluence/display/MAVEN/MojoFailureException
